<?xml version="1.0" encoding="UTF-8"?>
<testsuites>
  <testsuite name="CodeIgniter Application Test Suite" tests="1" assertions="1" failures="1" errors="0" time="0.046000">
    <testsuite name="Cadastro_test" file="C:\xampp\htdocs\cadastro\application\tests\controllers\Cadastro_test.php" fullPackage="Cadastro" tests="1" assertions="1" failures="1" errors="0" time="0.046000">
      <testcase name="test_index" class="Cadastro_test" file="C:\xampp\htdocs\cadastro\application\tests\controllers\Cadastro_test.php" line="6" assertions="1" time="0.046000">
        <failure type="PHPUnit_Framework_ExpectationFailedException">Cadastro_test::test_index
Failed asserting that '&lt;!DOCTYPE html&gt;
&lt;html&gt;
&lt;head&gt;
&lt;meta charset="utf-8"&gt;
&lt;meta http-equiv="X-UA-Compatible" content="IE=edge"&gt;
&lt;meta name="viewport" content="width=device-width, initial-scale=1"&gt;
&lt;title&gt;Cadastro de Paciente&lt;/title&gt;
&lt;link href="http://localhost/assets/bootstrap/css/bootstrap.min.css" rel="stylesheet"&gt;
&lt;link href="http://localhost/assets/datatables/css/dataTables.bootstrap.css" rel="stylesheet"&gt;
&lt;link href="http://localhost/assets/css/jquery-ui.min.css" rel="stylesheet"&gt;
&lt;link href="http://localhost/assets/css/jquery-ui.theme.min.css" rel="stylesheet"&gt;


&lt;script src="http://localhost/assets/jquery/jquery-3.1.0.min.js"&gt;&lt;/script&gt;
&lt;script src="http://localhost/assets/jquery/jquery-ui.min.js"&gt;&lt;/script&gt;
&lt;script src="http://localhost/assets/bootstrap/js/bootstrap.min.js"&gt;&lt;/script&gt;
&lt;script src="http://localhost/assets/datatables/js/jquery.dataTables.min.js"&gt;&lt;/script&gt;
&lt;script src="http://localhost/assets/datatables/js/dataTables.bootstrap.js"&gt;&lt;/script&gt;
&lt;script src="http://localhost/assets/js/arquivo.js"&gt;&lt;/script&gt;	
&lt;!-- HTML5 shim and Respond.js for IE8 support of HTML5 elements and media queries --&gt;
&lt;!-- WARNING: Respond.js doesn't work if you view the page via file:// --&gt;
&lt;!--[if lt IE 9]&gt;
      &lt;script src="https://oss.maxcdn.com/html5shiv/3.7.2/html5shiv.min.js"&gt;&lt;/script&gt;
      &lt;script src="https://oss.maxcdn.com/respond/1.4.2/respond.min.js"&gt;&lt;/script&gt;
    &lt;![endif]--&gt;
&lt;/head&gt;
&lt;body&gt;


	&lt;div class="container"&gt;
		&lt;/center&gt;
		&lt;h3&gt;Cadastro Paciente&lt;/h3&gt;
		&lt;br /&gt;
		&lt;button class="btn btn-success" onclick="add_paciente()"&gt;
			&lt;i class="glyphicon glyphicon-plus"&gt;&lt;/i&gt; Incluir
		&lt;/button&gt;
		&lt;br /&gt; &lt;br /&gt;
		&lt;table id="table_id" class="table table-striped table-bordered"
			cellspacing="0" width="100%"&gt;
			&lt;thead&gt;
				&lt;tr&gt;
					&lt;th&gt;Nome&lt;/th&gt;
					&lt;th&gt;Nome Mãe&lt;/th&gt;
					&lt;th&gt;Nome Pai&lt;/th&gt;
					&lt;th&gt;Email&lt;/th&gt;
					&lt;th&gt;Status&lt;/th&gt;
					&lt;th style="width: 120px;"&gt;Operações
						&lt;/p&gt;
					&lt;/th&gt;
				&lt;/tr&gt;
			&lt;/thead&gt;
			&lt;tbody&gt;
							  &lt;tr&gt;
					&lt;td&gt;João Paulo&lt;/td&gt;
					&lt;td&gt;Cacilda Balderra&lt;/td&gt;
					&lt;td&gt;Japones pela saco&lt;/td&gt;
					&lt;td&gt;jpkishi@hotmail.com&lt;/td&gt;
					&lt;td&gt;0&lt;/td&gt;
					&lt;td&gt;
						&lt;button class="btn btn-warning"
							onclick="editar_paciente(6)"&gt;
							&lt;i class="glyphicon glyphicon-pencil"&gt;&lt;/i&gt;
						&lt;/button&gt;
						&lt;button class="btn btn-danger"
							onclick="delete_book(6)"&gt;
							&lt;i class="glyphicon glyphicon-remove"&gt;&lt;/i&gt;
						&lt;/button&gt;
					&lt;/td&gt;
				&lt;/tr&gt;
				     			  &lt;tr&gt;
					&lt;td&gt;Franklin Pereira Barreto&lt;/td&gt;
					&lt;td&gt;Francisca Pereira da Silva&lt;/td&gt;
					&lt;td&gt;Francisco Alves Barreto&lt;/td&gt;
					&lt;td&gt;franklin-barreto@hotmail.com&lt;/td&gt;
					&lt;td&gt;1&lt;/td&gt;
					&lt;td&gt;
						&lt;button class="btn btn-warning"
							onclick="editar_paciente(1)"&gt;
							&lt;i class="glyphicon glyphicon-pencil"&gt;&lt;/i&gt;
						&lt;/button&gt;
						&lt;button class="btn btn-danger"
							onclick="delete_book(1)"&gt;
							&lt;i class="glyphicon glyphicon-remove"&gt;&lt;/i&gt;
						&lt;/button&gt;
					&lt;/td&gt;
				&lt;/tr&gt;
				           &lt;/tbody&gt;
		&lt;/table&gt;
	&lt;/div&gt;



&lt;div class="modal fade" id="modal_form" role="dialog"&gt;
	&lt;div class="modal-dialog"&gt;
		&lt;div class="modal-content"&gt;
			&lt;div class="modal-header"&gt;
				&lt;button type="button" class="close" data-dismiss="modal"
					aria-label="Close"&gt;
					&lt;span aria-hidden="true"&gt;&amp;times;&lt;/span&gt;
				&lt;/button&gt;
				&lt;h3 class="modal-title"&gt;Cadastro do paciente&lt;/h3&gt;
			&lt;/div&gt;
			&lt;div class="alert alert-danger print-error-msg" style="display:none"&gt;&lt;/div&gt;
			&lt;div class="modal-body form"&gt;
				&lt;form action="#" id="form" class="form-horizontal"&gt;
					&lt;div id="tabs"&gt;
						&lt;ul&gt;
							&lt;li&gt;&lt;a href="#paciente"&gt;Paciente&lt;/a&gt;&lt;/li&gt;
							&lt;li&gt;&lt;a href="#endereco"&gt;Endereço&lt;/a&gt;&lt;/li&gt;
						&lt;/ul&gt;
						&lt;div id="paciente"&gt;
							&lt;input type="hidden" value="" name="id" /&gt;
							&lt;div class="form-body"&gt;
								&lt;div class="form-group"&gt;
									&lt;label class="control-label col-md-3"&gt;Nome:&lt;/label&gt;
									&lt;div class="col-md-9"&gt;
										&lt;input name="nome" placeholder="Nome do paciente"
											class="form-control" type="text"&gt;
									&lt;/div&gt;
								&lt;/div&gt;
								&lt;div class="form-group"&gt;
									&lt;label class="control-label col-md-3"&gt;Nome da mãe:&lt;/label&gt;
									&lt;div class="col-md-9"&gt;
										&lt;input name="nome_mae" placeholder="Nome da mãe"
											class="form-control" type="text"&gt;
									&lt;/div&gt;
								&lt;/div&gt;
								&lt;div class="form-group"&gt;
									&lt;label class="control-label col-md-3"&gt;Nome do pai:&lt;/label&gt;
									&lt;div class="col-md-9"&gt;
										&lt;input name="nome_pai" placeholder="Nome do pai"
											class="form-control" type="text"&gt;
									&lt;/div&gt;
								&lt;/div&gt;
								&lt;div class="form-group"&gt;
									&lt;label class="control-label col-md-3"&gt;Email:&lt;/label&gt;
									&lt;div class="col-md-9"&gt;
										&lt;input name="email" placeholder="Email" class="form-control"
											type="email"&gt;
									&lt;/div&gt;
								&lt;/div&gt;
							&lt;/div&gt;
						&lt;/div&gt;
						&lt;div id="endereco"&gt;
							&lt;div class="form-group"&gt;
								&lt;label for="status" class="col-md-4 control-label"&gt;&lt;span
									class="text-danger"&gt;*&lt;/span&gt;Status&lt;/label&gt;
								&lt;div class="col-md-8"&gt;
									&lt;input type="checkbox" name="status_endereco" value="1" id="status" /&gt; 
								&lt;/div&gt;
							&lt;/div&gt;

							&lt;div class="form-group"&gt;
								&lt;label for="data" class="col-md-4 control-label"&gt;Data&lt;/label&gt;
								&lt;div class="col-md-8"&gt;
									&lt;input type="text" name="data" class="form-control" id="data" /&gt;
								&lt;/div&gt;
							&lt;/div&gt;
							&lt;div class="form-group"&gt;
								&lt;label for="nome_bairro" class="col-md-4 control-label"&gt;Nome
									Bairro&lt;/label&gt;
								&lt;div class="col-md-8"&gt;
									&lt;input type="text" name="nome_bairro" class="form-control" id="nome_bairro" /&gt;
								&lt;/div&gt;
							&lt;/div&gt;
							&lt;div class="form-group"&gt;
								&lt;label for="rua" class="col-md-4 control-label"&gt;Rua&lt;/label&gt;
								&lt;div class="col-md-8"&gt;
									&lt;input type="text" name="rua" class="form-control" id="rua" /&gt;
								&lt;/div&gt;
							&lt;/div&gt;
						&lt;/div&gt;
					&lt;/div&gt;
				&lt;/form&gt;
			&lt;/div&gt;
			&lt;div class="modal-footer"&gt;
				&lt;button type="button" id="btnSave" onclick="save()"
					class="btn btn-primary"&gt;Salvar&lt;/button&gt;
				&lt;button type="button" class="btn btn-danger" data-dismiss="modal"&gt;Cancelar&lt;/button&gt;
			&lt;/div&gt;
		&lt;/div&gt;
	&lt;/div&gt;
&lt;/div&gt;


&lt;/body&gt;
&lt;/html&gt;
' contains "&lt;title&gt;Welcome to CodeIgniter&lt;/title&gt;".

C:\xampp\htdocs\cadastro\application\tests\controllers\Cadastro_test.php:9
</failure>
      </testcase>
    </testsuite>
  </testsuite>
</testsuites>
