<?xml version="1.0" encoding="UTF-8"?>
<testsuites>
  <testsuite name="CodeIgniter Application Test Suite" tests="2" assertions="2" failures="0" errors="0" time="0.345000">
    <testsuite name="Cadastro_test" file="C:\xampp\htdocs\cadastro\application\tests\controllers\Cadastro_test.php" fullPackage="Cadastro" tests="2" assertions="2" failures="0" errors="0" time="0.345000">
      <testcase name="test_adicionarPaciente_falha" class="Cadastro_test" file="C:\xampp\htdocs\cadastro\application\tests\controllers\Cadastro_test.php" line="12" assertions="1" time="0.035000"/>
      <testcase name="test_adicionarPaciente_acerto" class="Cadastro_test" file="C:\xampp\htdocs\cadastro\application\tests\controllers\Cadastro_test.php" line="21" assertions="1" time="0.310000"/>
    </testsuite>
  </testsuite>
</testsuites>
